<?xml version="1.0" encoding="UTF-8"?>
<testng-results ignored="0" total="1" passed="1" failed="0" skipped="0">
  <reporter-output>
  </reporter-output>
  <suite started-at="2021-12-15T21:32:19 GMT" name="Default suite" finished-at="2021-12-15T21:32:23 GMT" duration-ms="3434">
    <groups>
    </groups>
    <test started-at="2021-12-15T21:32:19 GMT" name="Default test" finished-at="2021-12-15T21:32:23 GMT" duration-ms="3434">
      <class name="Global.RestAPI_Graph">
        <test-method signature="verifyUser()[pri:0, instance:Global.RestAPI_Graph@68c72235]" started-at="2021-12-15T21:32:19 GMT" name="verifyUser" finished-at="2021-12-15T21:32:23 GMT" duration-ms="3418" status="PASS">
          <reporter-output>
          </reporter-output>
        </test-method> <!-- verifyUser -->
      </class> <!-- Global.RestAPI_Graph -->
    </test> <!-- Default test -->
  </suite> <!-- Default suite -->
</testng-results>
