<?xml version="1.0" encoding="UTF-8"?>
<!-- Generated by org.testng.reporters.JUnitXMLReporter -->
<testsuite ignored="0" hostname="gokulsugu" failures="0" tests="3" name="Default test" time="34.527" errors="0" timestamp="2021-12-16T17:47:17 GMT">
  <testcase classname="global.API.test_api" name="test_queries_API_for_all_launches" time="12.377"/>
  <testcase classname="global.API.test_api" name="test_update_limit_parameter_and_returns_number_of_launches" time="10.973"/>
  <testcase classname="global.API.test_api" name="test_update_offset_parameter_and_returns_number_of_launches" time="11.139"/>
</testsuite> <!-- Default test -->
